<?xml version="1.0" encoding="UTF-8"?>
<testng-results ignored="0" total="1" passed="1" failed="0" skipped="0">
  <reporter-output>
    <line>
      <![CDATA[Medical history page is displayed and passed]]>
    </line>
  </reporter-output>
  <suite started-at="2022-12-08T09:44:48 IST" name="Default suite" finished-at="2022-12-08T09:47:31 IST" duration-ms="162773">
    <groups>
    </groups>
    <test started-at="2022-12-08T09:44:48 IST" name="Default test" finished-at="2022-12-08T09:47:31 IST" duration-ms="162773">
      <class name="com.canossa.patients.VerifyMedicalHistorypageTest">
        <test-method is-config="true" signature="classSetup()[pri:0, instance:com.canossa.patients.VerifyMedicalHistorypageTest@6c64cb25]" started-at="2022-12-08T09:44:48 IST" name="classSetup" finished-at="2022-12-08T09:46:18 IST" duration-ms="90350" status="PASS">
          <reporter-output>
          </reporter-output>
        </test-method> <!-- classSetup -->
        <test-method is-config="true" signature="methodSetup()[pri:0, instance:com.canossa.patients.VerifyMedicalHistorypageTest@6c64cb25]" started-at="2022-12-08T09:46:18 IST" name="methodSetup" finished-at="2022-12-08T09:46:49 IST" duration-ms="30486" status="PASS">
          <reporter-output>
          </reporter-output>
        </test-method> <!-- methodSetup -->
        <test-method signature="verifyMedicalHistorypageTest()[pri:0, instance:com.canossa.patients.VerifyMedicalHistorypageTest@6c64cb25]" started-at="2022-12-08T09:46:49 IST" name="verifyMedicalHistorypageTest" finished-at="2022-12-08T09:47:14 IST" duration-ms="25170" status="PASS">
          <reporter-output>
            <line>
              <![CDATA[Medical history page is displayed and passed]]>
            </line>
          </reporter-output>
        </test-method> <!-- verifyMedicalHistorypageTest -->
        <test-method is-config="true" signature="methodTearDown()[pri:0, instance:com.canossa.patients.VerifyMedicalHistorypageTest@6c64cb25]" started-at="2022-12-08T09:47:14 IST" name="methodTearDown" finished-at="2022-12-08T09:47:16 IST" duration-ms="1751" status="PASS">
          <reporter-output>
          </reporter-output>
        </test-method> <!-- methodTearDown -->
        <test-method is-config="true" signature="classTearDown()[pri:0, instance:com.canossa.patients.VerifyMedicalHistorypageTest@6c64cb25]" started-at="2022-12-08T09:47:16 IST" name="classTearDown" finished-at="2022-12-08T09:47:31 IST" duration-ms="14672" status="PASS">
          <reporter-output>
          </reporter-output>
        </test-method> <!-- classTearDown -->
      </class> <!-- com.canossa.patients.VerifyMedicalHistorypageTest -->
    </test> <!-- Default test -->
  </suite> <!-- Default suite -->
</testng-results>
